Arguments: 
  /Users/zhanxuwen/.nvm/versions/node/v16.13.0/bin/node /Users/zhanxuwen/.yarn/bin/yarn.js add auto-service

PATH: 
  /Users/zhanxuwen/.nvm/versions/node/v16.13.0/bin:/Users/zhanxuwen/.yarn/bin:/Users/zhanxuwen/.config/yarn/global/node_modules/.bin:/usr/local/bin:/usr/bin:/bin:/usr/sbin:/sbin:/Library/Apple/usr/bin:/Users/zhanxuwen/.nvm/versions/node/v16.13.0/bin:/Users/zhanxuwen/.yarn/bin:/Users/zhanxuwen/.config/yarn/global/node_modules/.bin

Yarn version: 
  1.22.5

Node version: 
  16.13.0

Platform: 
  darwin x64

Trace: 
  Error: connect ECONNREFUSED 61.184.215.224:443
      at TCPConnectWrap.afterConnect [as oncomplete] (node:net:1161:16)

npm manifest: 
  {
    "name": "ts-service",
    "version": "1.0.0",
    "description": "从yapi拉取typescript model",
    "main": "index.js",
    "scripts": {
      "test": "echo \"Error: no test specified\" && exit 1"
    },
    "keywords": [
      "yapi",
      "autos",
      "typescript"
    ],
    "author": "zhanxw",
    "license": "ISC",
    "dependencies": {
      "shell": "^0.8.5"
    }
  }

yarn manifest: 
  No manifest

Lockfile: 
  # THIS IS AN AUTOGENERATED FILE. DO NOT EDIT THIS FILE DIRECTLY.
  # yarn lockfile v1
  
  
  clone@^1.0.2:
    version "1.0.4"
    resolved "https://registry.npm.taobao.org/clone/download/clone-1.0.4.tgz?cache=0&sync_timestamp=1589682821772&other_urls=https%3A%2F%2Fregistry.npm.taobao.org%2Fclone%2Fdownload%2Fclone-1.0.4.tgz#da309cc263df15994c688ca902179ca3c7cd7c7e"
    integrity sha1-2jCcwmPfFZlMaIypAheco8fNfH4=
  
  defaults@^1.0.3:
    version "1.0.3"
    resolved "https://registry.npm.taobao.org/defaults/download/defaults-1.0.3.tgz?cache=0&sync_timestamp=1589682715225&other_urls=https%3A%2F%2Fregistry.npm.taobao.org%2Fdefaults%2Fdownload%2Fdefaults-1.0.3.tgz#c656051e9817d9ff08ed881477f3fe4019f3ef7d"
    integrity sha1-xlYFHpgX2f8I7YgUd/P+QBnz730=
    dependencies:
      clone "^1.0.2"
  
  mixme@^0.5.4:
    version "0.5.4"
    resolved "https://registry.npmmirror.com/mixme/download/mixme-0.5.4.tgz#8cb3bd0cd32a513c161bf1ca99d143f0bcf2eff3"
    integrity sha1-jLO9DNMqUTwWG/HKmdFD8Lzy7/M=
  
  pad@^3.2.0:
    version "3.2.0"
    resolved "https://registry.nlark.com/pad/download/pad-3.2.0.tgz#be7a1d1cb6757049b4ad5b70e71977158fea95d1"
    integrity sha1-vnodHLZ1cEm0rVtw5xl3FY/qldE=
    dependencies:
      wcwidth "^1.0.1"
  
  shell@^0.8.5:
    version "0.8.5"
    resolved "https://registry.npmmirror.com/shell/download/shell-0.8.5.tgz#f9b6799ffc7cd69e54ae866a29f846342d13a4dc"
    integrity sha512-FCEs8d6vZNDr5nDTAWXAI65icuZlnQa4LBEBNK29+d2+fDL4YDSaLury7F3KsFqV8WFAaaPQIsH9vHf2cp1f+A==
    dependencies:
      mixme "^0.5.4"
      pad "^3.2.0"
  
  wcwidth@^1.0.1:
    version "1.0.1"
    resolved "https://registry.npm.taobao.org/wcwidth/download/wcwidth-1.0.1.tgz#f0b0dcf915bc5ff1528afadb2c0e17b532da2fe8"
    integrity sha1-8LDc+RW8X/FSivrbLA4XtTLaL+g=
    dependencies:
      defaults "^1.0.3"
